<?xml version="1.0" encoding="UTF-8"?>
<testsuite name="com.leszko.calculator.CalculatorApplicationTests" tests="1" skipped="0" failures="0" errors="0" timestamp="2022-07-02T04:15:17" hostname="DESKTOP-7633I6V" time="0.403">
  <properties/>
  <testcase name="contextLoads()" classname="com.leszko.calculator.CalculatorApplicationTests" time="0.403"/>
  <system-out><![CDATA[13:15:15.173 [Test worker] DEBUG org.springframework.test.context.BootstrapUtils - Instantiating CacheAwareContextLoaderDelegate from class [org.springframework.test.context.cache.DefaultCacheAwareContextLoaderDelegate]
13:15:15.198 [Test worker] DEBUG org.springframework.test.context.BootstrapUtils - Instantiating BootstrapContext using constructor [public org.springframework.test.context.support.DefaultBootstrapContext(java.lang.Class,org.springframework.test.context.CacheAwareContextLoaderDelegate)]
13:15:15.258 [Test worker] DEBUG org.springframework.test.context.BootstrapUtils - Instantiating TestContextBootstrapper for test class [com.leszko.calculator.CalculatorApplicationTests] from class [org.springframework.boot.test.context.SpringBootTestContextBootstrapper]
13:15:15.276 [Test worker] INFO org.springframework.boot.test.context.SpringBootTestContextBootstrapper - Neither @ContextConfiguration nor @ContextHierarchy found for test class [com.leszko.calculator.CalculatorApplicationTests], using SpringBootContextLoader
13:15:15.284 [Test worker] DEBUG org.springframework.test.context.support.AbstractContextLoader - Did not detect default resource location for test class [com.leszko.calculator.CalculatorApplicationTests]: class path resource [com/leszko/calculator/CalculatorApplicationTests-context.xml] does not exist
13:15:15.284 [Test worker] DEBUG org.springframework.test.context.support.AbstractContextLoader - Did not detect default resource location for test class [com.leszko.calculator.CalculatorApplicationTests]: class path resource [com/leszko/calculator/CalculatorApplicationTestsContext.groovy] does not exist
13:15:15.285 [Test worker] INFO org.springframework.test.context.support.AbstractContextLoader - Could not detect default resource locations for test class [com.leszko.calculator.CalculatorApplicationTests]: no resource found for suffixes {-context.xml, Context.groovy}.
13:15:15.286 [Test worker] INFO org.springframework.test.context.support.AnnotationConfigContextLoaderUtils - Could not detect default configuration classes for test class [com.leszko.calculator.CalculatorApplicationTests]: CalculatorApplicationTests does not declare any static, non-private, non-final, nested classes annotated with @Configuration.
13:15:15.343 [Test worker] DEBUG org.springframework.test.context.support.ActiveProfilesUtils - Could not find an 'annotation declaring class' for annotation type [org.springframework.test.context.ActiveProfiles] and class [com.leszko.calculator.CalculatorApplicationTests]
13:15:15.454 [Test worker] DEBUG org.springframework.context.annotation.ClassPathScanningCandidateComponentProvider - Identified candidate component class: file [C:\01-books\2022\15-ContinuousDeliveryWithDokerAndJenkins_3rdEd\02-myowns\Chapter05\sample2\build\classes\java\main\com\leszko\calculator\CalculatorApplication.class]
13:15:15.463 [Test worker] INFO org.springframework.boot.test.context.SpringBootTestContextBootstrapper - Found @SpringBootConfiguration com.leszko.calculator.CalculatorApplication for test class com.leszko.calculator.CalculatorApplicationTests
13:15:15.613 [Test worker] DEBUG org.springframework.boot.test.context.SpringBootTestContextBootstrapper - @TestExecutionListeners is not present for class [com.leszko.calculator.CalculatorApplicationTests]: using defaults.
13:15:15.614 [Test worker] INFO org.springframework.boot.test.context.SpringBootTestContextBootstrapper - Loaded default TestExecutionListener class names from location [META-INF/spring.factories]: [org.springframework.boot.test.autoconfigure.restdocs.RestDocsTestExecutionListener, org.springframework.boot.test.autoconfigure.web.client.MockRestServiceServerResetTestExecutionListener, org.springframework.boot.test.autoconfigure.web.servlet.MockMvcPrintOnlyOnFailureTestExecutionListener, org.springframework.boot.test.autoconfigure.web.servlet.WebDriverTestExecutionListener, org.springframework.boot.test.autoconfigure.webservices.client.MockWebServiceServerTestExecutionListener, org.springframework.boot.test.mock.mockito.MockitoTestExecutionListener, org.springframework.boot.test.mock.mockito.ResetMocksTestExecutionListener, org.springframework.test.context.web.ServletTestExecutionListener, org.springframework.test.context.support.DirtiesContextBeforeModesTestExecutionListener, org.springframework.test.context.event.ApplicationEventsTestExecutionListener, org.springframework.test.context.support.DependencyInjectionTestExecutionListener, org.springframework.test.context.support.DirtiesContextTestExecutionListener, org.springframework.test.context.transaction.TransactionalTestExecutionListener, org.springframework.test.context.jdbc.SqlScriptsTestExecutionListener, org.springframework.test.context.event.EventPublishingTestExecutionListener]
13:15:15.637 [Test worker] DEBUG org.springframework.boot.test.context.SpringBootTestContextBootstrapper - Skipping candidate TestExecutionListener [org.springframework.test.context.transaction.TransactionalTestExecutionListener] due to a missing dependency. Specify custom listener classes or make the default listener classes and their required dependencies available. Offending class: [org/springframework/transaction/interceptor/TransactionAttributeSource]
13:15:15.638 [Test worker] DEBUG org.springframework.boot.test.context.SpringBootTestContextBootstrapper - Skipping candidate TestExecutionListener [org.springframework.test.context.jdbc.SqlScriptsTestExecutionListener] due to a missing dependency. Specify custom listener classes or make the default listener classes and their required dependencies available. Offending class: [org/springframework/transaction/interceptor/TransactionAttribute]
13:15:15.638 [Test worker] INFO org.springframework.boot.test.context.SpringBootTestContextBootstrapper - Using TestExecutionListeners: [org.springframework.test.context.web.ServletTestExecutionListener@39109603, org.springframework.test.context.support.DirtiesContextBeforeModesTestExecutionListener@4d3990a5, org.springframework.test.context.event.ApplicationEventsTestExecutionListener@18df26a1, org.springframework.boot.test.mock.mockito.MockitoTestExecutionListener@5c459194, org.springframework.boot.test.autoconfigure.SpringBootDependencyInjectionTestExecutionListener@61d8a491, org.springframework.test.context.support.DirtiesContextTestExecutionListener@6065bcb7, org.springframework.test.context.event.EventPublishingTestExecutionListener@1ee6434, org.springframework.boot.test.autoconfigure.restdocs.RestDocsTestExecutionListener@71d78cac, org.springframework.boot.test.autoconfigure.web.client.MockRestServiceServerResetTestExecutionListener@550f522b, org.springframework.boot.test.autoconfigure.web.servlet.MockMvcPrintOnlyOnFailureTestExecutionListener@1842dc39, org.springframework.boot.test.autoconfigure.web.servlet.WebDriverTestExecutionListener@6a7fc4c1, org.springframework.boot.test.autoconfigure.webservices.client.MockWebServiceServerTestExecutionListener@270097ce, org.springframework.boot.test.mock.mockito.ResetMocksTestExecutionListener@8b1170f]
13:15:15.643 [Test worker] DEBUG org.springframework.test.context.support.AbstractDirtiesContextTestExecutionListener - Before test class: context [DefaultTestContext@7c8f803d testClass = CalculatorApplicationTests, testInstance = [null], testMethod = [null], testException = [null], mergedContextConfiguration = [WebMergedContextConfiguration@176e839e testClass = CalculatorApplicationTests, locations = '{}', classes = '{class com.leszko.calculator.CalculatorApplication}', contextInitializerClasses = '[]', activeProfiles = '{}', propertySourceLocations = '{}', propertySourceProperties = '{org.springframework.boot.test.context.SpringBootTestContextBootstrapper=true}', contextCustomizers = set[org.springframework.boot.test.autoconfigure.actuate.metrics.MetricsExportContextCustomizerFactory$DisableMetricExportContextCustomizer@4ebd6fd6, org.springframework.boot.test.autoconfigure.properties.PropertyMappingContextCustomizer@0, org.springframework.boot.test.autoconfigure.web.servlet.WebDriverContextCustomizerFactory$Customizer@117b2cc6, org.springframework.boot.test.context.filter.ExcludeFilterContextCustomizer@d70e9a, org.springframework.boot.test.json.DuplicateJsonObjectContextCustomizerFactory$DuplicateJsonObjectContextCustomizer@ff0e6d4, org.springframework.boot.test.mock.mockito.MockitoContextCustomizer@0, org.springframework.boot.test.web.client.TestRestTemplateContextCustomizer@50778bde, org.springframework.boot.test.context.SpringBootTestArgs@1, org.springframework.boot.test.context.SpringBootTestWebEnvironment@7942a854], resourceBasePath = 'src/main/webapp', contextLoader = 'org.springframework.boot.test.context.SpringBootContextLoader', parent = [null]], attributes = map['org.springframework.test.context.web.ServletTestExecutionListener.activateListener' -> true]], class annotated with @DirtiesContext [false] with mode [null].
13:15:15.717 [Test worker] DEBUG org.springframework.boot.ApplicationServletEnvironment - Activating profiles []
13:15:15.718 [Test worker] DEBUG org.springframework.test.context.support.TestPropertySourceUtils - Adding inlined properties to environment: {spring.jmx.enabled=false, org.springframework.boot.test.context.SpringBootTestContextBootstrapper=true}

  .   ____          _            __ _ _
 /\\ / ___'_ __ _ _(_)_ __  __ _ \ \ \ \
( ( )\___ | '_ | '_| | '_ \/ _` | \ \ \ \
 \\/  ___)| |_)| | | | | || (_| |  ) ) ) )
  '  |____| .__|_| |_|_| |_\__, | / / / /
 =========|_|==============|___/=/_/_/_/
 :: Spring Boot ::                (v2.6.1)

2022-07-02 13:15:16.069  INFO 2240 --- [    Test worker] c.l.c.CalculatorApplicationTests         : Starting CalculatorApplicationTests using Java 11.0.12 on DESKTOP-7633I6V with PID 2240 (started by csh in C:\01-books\2022\15-ContinuousDeliveryWithDokerAndJenkins_3rdEd\02-myowns\Chapter05\sample2)
2022-07-02 13:15:16.070  INFO 2240 --- [    Test worker] c.l.c.CalculatorApplicationTests         : No active profile set, falling back to default profiles: default
2022-07-02 13:15:17.865  INFO 2240 --- [    Test worker] c.l.c.CalculatorApplicationTests         : Started CalculatorApplicationTests in 2.145 seconds (JVM running for 4.842)
]]></system-out>
  <system-err><![CDATA[]]></system-err>
</testsuite>
